# JRE version: OpenJDK Runtime Environment (8.0_191-b12) (build 1.8.0_191-8u191-b12-2ubuntu0.18.04.1-b12)
# Java VM: OpenJDK 64-Bit Server VM (25.191-b12 mixed mode linux-amd64 compressed oops)
Heap:
 PSYoungGen      total 58368K, used 4261K [0x00000000ec180000, 0x00000000f0f80000, 0x0000000100000000)
  eden space 40960K, 3% used [0x00000000ec180000,0x00000000ec2cd308,0x00000000ee980000)
  from space 17408K, 16% used [0x00000000efe80000,0x00000000f015c3c8,0x00000000f0f80000)
  to   space 19456K, 0% used [0x00000000ee980000,0x00000000ee980000,0x00000000efc80000)
 ParOldGen       total 70656K, used 34221K [0x00000000c4400000, 0x00000000c8900000, 0x00000000ec180000)
  object space 70656K, 48% used [0x00000000c4400000,0x00000000c656b740,0x00000000c8900000)
 Metaspace       used 11946K, capacity 12355K, committed 12416K, reserved 1060864K
  class space    used 980K, capacity 1104K, committed 1152K, reserved 1048576K
GC Heap History (10 events):
Event: 1,841 GC heap before
{Heap before GC invocations=3 (full 0):
 PSYoungGen      total 17920K, used 17909K [0x00000000ec180000, 0x00000000ee480000, 0x0000000100000000)
  eden space 15360K, 100% used [0x00000000ec180000,0x00000000ed080000,0x00000000ed080000)
  from space 2560K, 99% used [0x00000000ed300000,0x00000000ed57d7c0,0x00000000ed580000)
  to   space 2560K, 0% used [0x00000000ed080000,0x00000000ed080000,0x00000000ed300000)
 ParOldGen       total 40960K, used 10414K [0x00000000c4400000, 0x00000000c6c00000, 0x00000000ec180000)
  object space 40960K, 25% used [0x00000000c4400000,0x00000000c4e2b968,0x00000000c6c00000)
 Metaspace       used 9913K, capacity 10179K, committed 10368K, reserved 1058816K
  class space    used 772K, capacity 870K, committed 896K, reserved 1048576K
Event: 1,867 GC heap after
Heap after GC invocations=3 (full 0):
 PSYoungGen      total 17920K, used 2533K [0x00000000ec180000, 0x00000000ee480000, 0x0000000100000000)
  eden space 15360K, 0% used [0x00000000ec180000,0x00000000ec180000,0x00000000ed080000)
  from space 2560K, 98% used [0x00000000ed080000,0x00000000ed2f97d0,0x00000000ed300000)
  to   space 2560K, 0% used [0x00000000ee200000,0x00000000ee200000,0x00000000ee480000)
 ParOldGen       total 40960K, used 21392K [0x00000000c4400000, 0x00000000c6c00000, 0x00000000ec180000)
  object space 40960K, 52% used [0x00000000c4400000,0x00000000c58e4340,0x00000000c6c00000)
 Metaspace       used 9913K, capacity 10179K, committed 10368K, reserved 1058816K
  class space    used 772K, capacity 870K, committed 896K, reserved 1048576K
}
Event: 2,193 GC heap before
{Heap before GC invocations=4 (full 0):
 PSYoungGen      total 17920K, used 17893K [0x00000000ec180000, 0x00000000ee480000, 0x0000000100000000)
  eden space 15360K, 100% used [0x00000000ec180000,0x00000000ed080000,0x00000000ed080000)
  from space 2560K, 98% used [0x00000000ed080000,0x00000000ed2f97d0,0x00000000ed300000)
  to   space 2560K, 0% used [0x00000000ee200000,0x00000000ee200000,0x00000000ee480000)
 ParOldGen       total 40960K, used 21392K [0x00000000c4400000, 0x00000000c6c00000, 0x00000000ec180000)
  object space 40960K, 52% used [0x00000000c4400000,0x00000000c58e4340,0x00000000c6c00000)
 Metaspace       used 9923K, capacity 10243K, committed 10368K, reserved 1058816K
  class space    used 773K, capacity 870K, committed 896K, reserved 1048576K
Event: 2,221 GC heap after
Heap after GC invocations=4 (full 0):
 PSYoungGen      total 33280K, used 2532K [0x00000000ec180000, 0x00000000ee480000, 0x0000000100000000)
  eden space 30720K, 0% used [0x00000000ec180000,0x00000000ec180000,0x00000000edf80000)
  from space 2560K, 98% used [0x00000000ee200000,0x00000000ee4790c0,0x00000000ee480000)
  to   space 2560K, 0% used [0x00000000edf80000,0x00000000edf80000,0x00000000ee200000)
 ParOldGen       total 40960K, used 33548K [0x00000000c4400000, 0x00000000c6c00000, 0x00000000ec180000)
  object space 40960K, 81% used [0x00000000c4400000,0x00000000c64c32c0,0x00000000c6c00000)
 Metaspace       used 9923K, capacity 10243K, committed 10368K, reserved 1058816K
  class space    used 773K, capacity 870K, committed 896K, reserved 1048576K
}
Event: 2,221 GC heap before
{Heap before GC invocations=5 (full 1):
 PSYoungGen      total 33280K, used 2532K [0x00000000ec180000, 0x00000000ee480000, 0x0000000100000000)
  eden space 30720K, 0% used [0x00000000ec180000,0x00000000ec180000,0x00000000edf80000)
  from space 2560K, 98% used [0x00000000ee200000,0x00000000ee4790c0,0x00000000ee480000)
  to   space 2560K, 0% used [0x00000000edf80000,0x00000000edf80000,0x00000000ee200000)
 ParOldGen       total 40960K, used 33548K [0x00000000c4400000, 0x00000000c6c00000, 0x00000000ec180000)
  object space 40960K, 81% used [0x00000000c4400000,0x00000000c64c32c0,0x00000000c6c00000)
 Metaspace       used 9923K, capacity 10243K, committed 10368K, reserved 1058816K
  class space    used 773K, capacity 870K, committed 896K, reserved 1048576K
Event: 2,373 GC heap after
Heap after GC invocations=5 (full 1):
 PSYoungGen      total 33280K, used 0K [0x00000000ec180000, 0x00000000ee480000, 0x0000000100000000)
  eden space 30720K, 0% used [0x00000000ec180000,0x00000000ec180000,0x00000000edf80000)
  from space 2560K, 0% used [0x00000000ee200000,0x00000000ee200000,0x00000000ee480000)
  to   space 2560K, 0% used [0x00000000edf80000,0x00000000edf80000,0x00000000ee200000)
 ParOldGen       total 70656K, used 29067K [0x00000000c4400000, 0x00000000c8900000, 0x00000000ec180000)
  object space 70656K, 41% used [0x00000000c4400000,0x00000000c6062c58,0x00000000c8900000)
 Metaspace       used 9923K, capacity 10243K, committed 10368K, reserved 1058816K
  class space    used 773K, capacity 870K, committed 896K, reserved 1048576K
}
Event: 4,821 GC heap before
{Heap before GC invocations=6 (full 1):
 PSYoungGen      total 33280K, used 30720K [0x00000000ec180000, 0x00000000ee480000, 0x0000000100000000)
  eden space 30720K, 100% used [0x00000000ec180000,0x00000000edf80000,0x00000000edf80000)
  from space 2560K, 0% used [0x00000000ee200000,0x00000000ee200000,0x00000000ee480000)
  to   space 2560K, 0% used [0x00000000edf80000,0x00000000edf80000,0x00000000ee200000)
 ParOldGen       total 70656K, used 29067K [0x00000000c4400000, 0x00000000c8900000, 0x00000000ec180000)
  object space 70656K, 41% used [0x00000000c4400000,0x00000000c6062c58,0x00000000c8900000)
 Metaspace       used 11894K, capacity 12287K, committed 12416K, reserved 1060864K
  class space    used 979K, capacity 1104K, committed 1152K, reserved 1048576K
Event: 4,839 GC heap after
Heap after GC invocations=6 (full 1):
 PSYoungGen      total 33280K, used 2533K [0x00000000ec180000, 0x00000000f1180000, 0x0000000100000000)
  eden space 30720K, 0% used [0x00000000ec180000,0x00000000ec180000,0x00000000edf80000)
  from space 2560K, 98% used [0x00000000edf80000,0x00000000ee1f9740,0x00000000ee200000)
  to   space 19456K, 0% used [0x00000000efe80000,0x00000000efe80000,0x00000000f1180000)
 ParOldGen       total 70656K, used 34213K [0x00000000c4400000, 0x00000000c8900000, 0x00000000ec180000)
  object space 70656K, 48% used [0x00000000c4400000,0x00000000c6569740,0x00000000c8900000)
 Metaspace       used 11894K, capacity 12287K, committed 12416K, reserved 1060864K
  class space    used 979K, capacity 1104K, committed 1152K, reserved 1048576K
}
Event: 8,186 GC heap before
{Heap before GC invocations=7 (full 1):
 PSYoungGen      total 33280K, used 33253K [0x00000000ec180000, 0x00000000f1180000, 0x0000000100000000)
  eden space 30720K, 100% used [0x00000000ec180000,0x00000000edf80000,0x00000000edf80000)
  from space 2560K, 98% used [0x00000000edf80000,0x00000000ee1f9740,0x00000000ee200000)
  to   space 19456K, 0% used [0x00000000efe80000,0x00000000efe80000,0x00000000f1180000)
 ParOldGen       total 70656K, used 34213K [0x00000000c4400000, 0x00000000c8900000, 0x00000000ec180000)
  object space 70656K, 48% used [0x00000000c4400000,0x00000000c6569740,0x00000000c8900000)
 Metaspace       used 11946K, capacity 12355K, committed 12416K, reserved 1060864K
  class space    used 980K, capacity 1104K, committed 1152K, reserved 1048576K
Event: 8,191 GC heap after
Heap after GC invocations=7 (full 1):
 PSYoungGen      total 58368K, used 2928K [0x00000000ec180000, 0x00000000f0f80000, 0x0000000100000000)
  eden space 40960K, 0% used [0x00000000ec180000,0x00000000ec180000,0x00000000ee980000)
  from space 17408K, 16% used [0x00000000efe80000,0x00000000f015c3c8,0x00000000f0f80000)
  to   space 19456K, 0% used [0x00000000ee980000,0x00000000ee980000,0x00000000efc80000)
 ParOldGen       total 70656K, used 34221K [0x00000000c4400000, 0x00000000c8900000, 0x00000000ec180000)
  object space 70656K, 48% used [0x00000000c4400000,0x00000000c656b740,0x00000000c8900000)
 Metaspace       used 11946K, capacity 12355K, committed 12416K, reserved 1060864K
  class space    used 980K, capacity 1104K, committed 1152K, reserved 1048576K
}

