# JRE version: OpenJDK Runtime Environment (8.0_191-b12) (build 1.8.0_191-8u191-b12-2ubuntu0.18.04.1-b12)
# Java VM: OpenJDK 64-Bit Server VM (25.191-b12 mixed mode linux-amd64 compressed oops)
Heap:
 PSYoungGen      total 62464K, used 3761K [0x00000000ec180000, 0x00000000f2d00000, 0x0000000100000000)
  eden space 59904K, 2% used [0x00000000ec180000,0x00000000ec2b28a0,0x00000000efc00000)
  from space 2560K, 99% used [0x00000000efd80000,0x00000000efff9cf0,0x00000000f0000000)
  to   space 25088K, 0% used [0x00000000f1480000,0x00000000f1480000,0x00000000f2d00000)
 ParOldGen       total 77824K, used 34303K [0x00000000c4400000, 0x00000000c9000000, 0x00000000ec180000)
  object space 77824K, 44% used [0x00000000c4400000,0x00000000c657ff08,0x00000000c9000000)
 Metaspace       used 11801K, capacity 12219K, committed 12416K, reserved 1060864K
  class space    used 969K, capacity 1102K, committed 1152K, reserved 1048576K
GC Heap History (10 events):
Event: 1,097 GC heap before
{Heap before GC invocations=2 (full 0):
 PSYoungGen      total 17920K, used 17873K [0x00000000ec180000, 0x00000000ee480000, 0x0000000100000000)
  eden space 15360K, 99% used [0x00000000ec180000,0x00000000ed0799b8,0x00000000ed080000)
  from space 2560K, 99% used [0x00000000ed080000,0x00000000ed2fae40,0x00000000ed300000)
  to   space 2560K, 0% used [0x00000000ee200000,0x00000000ee200000,0x00000000ee480000)
 ParOldGen       total 40960K, used 806K [0x00000000c4400000, 0x00000000c6c00000, 0x00000000ec180000)
  object space 40960K, 1% used [0x00000000c4400000,0x00000000c44c9958,0x00000000c6c00000)
 Metaspace       used 9614K, capacity 9859K, committed 10112K, reserved 1058816K
  class space    used 759K, capacity 870K, committed 896K, reserved 1048576K
Event: 1,128 GC heap after
Heap after GC invocations=2 (full 0):
 PSYoungGen      total 33280K, used 2535K [0x00000000ec180000, 0x00000000ee480000, 0x0000000100000000)
  eden space 30720K, 0% used [0x00000000ec180000,0x00000000ec180000,0x00000000edf80000)
  from space 2560K, 99% used [0x00000000ee200000,0x00000000ee479da8,0x00000000ee480000)
  to   space 2560K, 0% used [0x00000000edf80000,0x00000000edf80000,0x00000000ee200000)
 ParOldGen       total 40960K, used 10518K [0x00000000c4400000, 0x00000000c6c00000, 0x00000000ec180000)
  object space 40960K, 25% used [0x00000000c4400000,0x00000000c4e45b58,0x00000000c6c00000)
 Metaspace       used 9614K, capacity 9859K, committed 10112K, reserved 1058816K
  class space    used 759K, capacity 870K, committed 896K, reserved 1048576K
}
Event: 1,799 GC heap before
{Heap before GC invocations=3 (full 0):
 PSYoungGen      total 33280K, used 33255K [0x00000000ec180000, 0x00000000ee480000, 0x0000000100000000)
  eden space 30720K, 100% used [0x00000000ec180000,0x00000000edf80000,0x00000000edf80000)
  from space 2560K, 99% used [0x00000000ee200000,0x00000000ee479da8,0x00000000ee480000)
  to   space 2560K, 0% used [0x00000000edf80000,0x00000000edf80000,0x00000000ee200000)
 ParOldGen       total 40960K, used 10518K [0x00000000c4400000, 0x00000000c6c00000, 0x00000000ec180000)
  object space 40960K, 25% used [0x00000000c4400000,0x00000000c4e45b58,0x00000000c6c00000)
 Metaspace       used 9835K, capacity 10051K, committed 10368K, reserved 1058816K
  class space    used 767K, capacity 870K, committed 896K, reserved 1048576K
Event: 1,845 GC heap after
Heap after GC invocations=3 (full 0):
 PSYoungGen      total 33280K, used 2541K [0x00000000ec180000, 0x00000000f0280000, 0x0000000100000000)
  eden space 30720K, 0% used [0x00000000ec180000,0x00000000ec180000,0x00000000edf80000)
  from space 2560K, 99% used [0x00000000edf80000,0x00000000ee1fb568,0x00000000ee200000)
  to   space 2560K, 0% used [0x00000000f0000000,0x00000000f0000000,0x00000000f0280000)
 ParOldGen       total 40960K, used 31093K [0x00000000c4400000, 0x00000000c6c00000, 0x00000000ec180000)
  object space 40960K, 75% used [0x00000000c4400000,0x00000000c625d6b8,0x00000000c6c00000)
 Metaspace       used 9835K, capacity 10051K, committed 10368K, reserved 1058816K
  class space    used 767K, capacity 870K, committed 896K, reserved 1048576K
}
Event: 1,846 GC heap before
{Heap before GC invocations=4 (full 1):
 PSYoungGen      total 33280K, used 2541K [0x00000000ec180000, 0x00000000f0280000, 0x0000000100000000)
  eden space 30720K, 0% used [0x00000000ec180000,0x00000000ec180000,0x00000000edf80000)
  from space 2560K, 99% used [0x00000000edf80000,0x00000000ee1fb568,0x00000000ee200000)
  to   space 2560K, 0% used [0x00000000f0000000,0x00000000f0000000,0x00000000f0280000)
 ParOldGen       total 40960K, used 31093K [0x00000000c4400000, 0x00000000c6c00000, 0x00000000ec180000)
  object space 40960K, 75% used [0x00000000c4400000,0x00000000c625d6b8,0x00000000c6c00000)
 Metaspace       used 9835K, capacity 10051K, committed 10368K, reserved 1058816K
  class space    used 767K, capacity 870K, committed 896K, reserved 1048576K
Event: 1,994 GC heap after
Heap after GC invocations=4 (full 1):
 PSYoungGen      total 33280K, used 0K [0x00000000ec180000, 0x00000000f0280000, 0x0000000100000000)
  eden space 30720K, 0% used [0x00000000ec180000,0x00000000ec180000,0x00000000edf80000)
  from space 2560K, 0% used [0x00000000edf80000,0x00000000edf80000,0x00000000ee200000)
  to   space 2560K, 0% used [0x00000000f0000000,0x00000000f0000000,0x00000000f0280000)
 ParOldGen       total 77824K, used 28437K [0x00000000c4400000, 0x00000000c9000000, 0x00000000ec180000)
  object space 77824K, 36% used [0x00000000c4400000,0x00000000c5fc5420,0x00000000c9000000)
 Metaspace       used 9835K, capacity 10051K, committed 10368K, reserved 1058816K
  class space    used 767K, capacity 870K, committed 896K, reserved 1048576K
}
Event: 2,731 GC heap before
{Heap before GC invocations=5 (full 1):
 PSYoungGen      total 33280K, used 30720K [0x00000000ec180000, 0x00000000f0280000, 0x0000000100000000)
  eden space 30720K, 100% used [0x00000000ec180000,0x00000000edf80000,0x00000000edf80000)
  from space 2560K, 0% used [0x00000000edf80000,0x00000000edf80000,0x00000000ee200000)
  to   space 2560K, 0% used [0x00000000f0000000,0x00000000f0000000,0x00000000f0280000)
 ParOldGen       total 77824K, used 28437K [0x00000000c4400000, 0x00000000c9000000, 0x00000000ec180000)
  object space 77824K, 36% used [0x00000000c4400000,0x00000000c5fc5420,0x00000000c9000000)
 Metaspace       used 11696K, capacity 12071K, committed 12160K, reserved 1060864K
  class space    used 969K, capacity 1102K, committed 1152K, reserved 1048576K
Event: 2,751 GC heap after
Heap after GC invocations=5 (full 1):
 PSYoungGen      total 46592K, used 2543K [0x00000000ec180000, 0x00000000f0280000, 0x0000000100000000)
  eden space 44032K, 0% used [0x00000000ec180000,0x00000000ec180000,0x00000000eec80000)
  from space 2560K, 99% used [0x00000000f0000000,0x00000000f027bf48,0x00000000f0280000)
  to   space 2560K, 0% used [0x00000000efd80000,0x00000000efd80000,0x00000000f0000000)
 ParOldGen       total 77824K, used 34159K [0x00000000c4400000, 0x00000000c9000000, 0x00000000ec180000)
  object space 77824K, 43% used [0x00000000c4400000,0x00000000c655bf08,0x00000000c9000000)
 Metaspace       used 11696K, capacity 12071K, committed 12160K, reserved 1060864K
  class space    used 969K, capacity 1102K, committed 1152K, reserved 1048576K
}
Event: 6,405 GC heap before
{Heap before GC invocations=6 (full 1):
 PSYoungGen      total 46592K, used 46575K [0x00000000ec180000, 0x00000000f0280000, 0x0000000100000000)
  eden space 44032K, 100% used [0x00000000ec180000,0x00000000eec80000,0x00000000eec80000)
  from space 2560K, 99% used [0x00000000f0000000,0x00000000f027bf48,0x00000000f0280000)
  to   space 2560K, 0% used [0x00000000efd80000,0x00000000efd80000,0x00000000f0000000)
 ParOldGen       total 77824K, used 34159K [0x00000000c4400000, 0x00000000c9000000, 0x00000000ec180000)
  object space 77824K, 43% used [0x00000000c4400000,0x00000000c655bf08,0x00000000c9000000)
 Metaspace       used 11800K, capacity 12219K, committed 12416K, reserved 1060864K
  class space    used 969K, capacity 1102K, committed 1152K, reserved 1048576K
Event: 6,411 GC heap after
Heap after GC invocations=6 (full 1):
 PSYoungGen      total 62464K, used 2535K [0x00000000ec180000, 0x00000000f2d00000, 0x0000000100000000)
  eden space 59904K, 0% used [0x00000000ec180000,0x00000000ec180000,0x00000000efc00000)
  from space 2560K, 99% used [0x00000000efd80000,0x00000000efff9cf0,0x00000000f0000000)
  to   space 25088K, 0% used [0x00000000f1480000,0x00000000f1480000,0x00000000f2d00000)
 ParOldGen       total 77824K, used 34303K [0x00000000c4400000, 0x00000000c9000000, 0x00000000ec180000)
  object space 77824K, 44% used [0x00000000c4400000,0x00000000c657ff08,0x00000000c9000000)
 Metaspace       used 11800K, capacity 12219K, committed 12416K, reserved 1060864K
  class space    used 969K, capacity 1102K, committed 1152K, reserved 1048576K
}

